[2023-03-24 13:19:39] production.ERROR: file_get_contents(/workspaces/php-laravel-docker/.env): failed to open stream: No such file or directory {"exception":"[object] (ErrorException(code: 0): file_get_contents(/workspaces/php-laravel-docker/.env): failed to open stream: No such file or directory at /workspaces/php-laravel-docker/vendor/laravel/framework/src/Illuminate/Foundation/Console/KeyGenerateCommand.php:96)
[stacktrace]
#0 [internal function]: Illuminate\\Foundation\\Bootstrap\\HandleExceptions->handleError()
#1 /workspaces/php-laravel-docker/vendor/laravel/framework/src/Illuminate/Foundation/Console/KeyGenerateCommand.php(96): file_get_contents()
#2 /workspaces/php-laravel-docker/vendor/laravel/framework/src/Illuminate/Foundation/Console/KeyGenerateCommand.php(80): Illuminate\\Foundation\\Console\\KeyGenerateCommand->writeNewEnvironmentFileWith()
#3 /workspaces/php-laravel-docker/vendor/laravel/framework/src/Illuminate/Foundation/Console/KeyGenerateCommand.php(45): Illuminate\\Foundation\\Console\\KeyGenerateCommand->setKeyInEnvironmentFile()
#4 [internal function]: Illuminate\\Foundation\\Console\\KeyGenerateCommand->handle()
#5 /workspaces/php-laravel-docker/vendor/laravel/framework/src/Illuminate/Container/BoundMethod.php(32): call_user_func_array()
#6 /workspaces/php-laravel-docker/vendor/laravel/framework/src/Illuminate/Container/BoundMethod.php(90): Illuminate\\Container\\BoundMethod::Illuminate\\Container\\{closure}()
#7 /workspaces/php-laravel-docker/vendor/laravel/framework/src/Illuminate/Container/BoundMethod.php(34): Illuminate\\Container\\BoundMethod::callBoundMethod()
#8 /workspaces/php-laravel-docker/vendor/laravel/framework/src/Illuminate/Container/Container.php(576): Illuminate\\Container\\BoundMethod::call()
#9 /workspaces/php-laravel-docker/vendor/laravel/framework/src/Illuminate/Console/Command.php(183): Illuminate\\Container\\Container->call()
#10 /workspaces/php-laravel-docker/vendor/symfony/console/Command/Command.php(255): Illuminate\\Console\\Command->execute()
#11 /workspaces/php-laravel-docker/vendor/laravel/framework/src/Illuminate/Console/Command.php(170): Symfony\\Component\\Console\\Command\\Command->run()
#12 /workspaces/php-laravel-docker/vendor/symfony/console/Application.php(1021): Illuminate\\Console\\Command->run()
#13 /workspaces/php-laravel-docker/vendor/symfony/console/Application.php(275): Symfony\\Component\\Console\\Application->doRunCommand()
#14 /workspaces/php-laravel-docker/vendor/symfony/console/Application.php(149): Symfony\\Component\\Console\\Application->doRun()
#15 /workspaces/php-laravel-docker/vendor/laravel/framework/src/Illuminate/Console/Application.php(90): Symfony\\Component\\Console\\Application->run()
#16 /workspaces/php-laravel-docker/vendor/laravel/framework/src/Illuminate/Foundation/Console/Kernel.php(133): Illuminate\\Console\\Application->run()
#17 /workspaces/php-laravel-docker/artisan(37): Illuminate\\Foundation\\Console\\Kernel->handle()
#18 {main}
"} 
